* Fri Jun 22 2012 Nils Philippsen <nils@redhat.com> - 185-7.gite7aee75
- add obsoletes/conflicts so multilib systemd -> systemd-libs updates work

* Thu Jun 14 2012 Michal Schmidt <mschmidt@redhat.com> - 185-6.gite7aee75
- Update to current git

* Wed Jun 06 2012 Kay Sievers - 185-5.gita2368a3
- disable plymouth in configure, to drop the .wants/ symlinks

* Wed Jun 06 2012 Michal Schmidt <mschmidt@redhat.com> - 185-4.gita2368a3
- Update to current git snapshot
  - Add systemd-readahead-analyze
  - Drop upstream patch
- Split systemd-libs
- Drop duplicate doc files
- Fixed License headers of subpackages

* Wed Jun 06 2012 Ray Strode <rstrode@redhat.com> - 185-3
- Drop plymouth files
- Conflict with old plymouth

* Tue Jun 05 2012 Kay Sievers - 185-2
- selinux udev labeling fix
- conflict with older dracut versions for new udev file names

* Mon Jun 04 2012 Kay Sievers - 185-1
- New upstream release
  - udev selinux labeling fixes
  - new man pages
  - systemctl help <unit name>

* Thu May 31 2012 Lennart Poettering <lpoetter@redhat.com> - 184-1
- New upstream release

* Thu May 24 2012 Kay Sievers <kay@redhat.com> - 183-1
- New upstream release including udev merge.

* Wed Mar 28 2012 Michal Schmidt <mschmidt@redhat.com> - 44-4
- Add triggers from Bill Nottingham to correct the damage done by
  the obsoleted systemd-units's preun scriptlet (#807457).

* Mon Mar 26 2012 Dennis Gilmore <dennis@ausil.us> - 44-3
- apply patch from upstream so we can build systemd on arm and ppc
- and likely the rest of the secondary arches

* Tue Mar 20 2012 Michal Schmidt <mschmidt@redhat.com> - 44-2
- Don't build the gtk parts anymore. They're moving into systemd-ui.
- Remove a dead patch file.

* Fri Mar 16 2012 Lennart Poettering <lpoetter@redhat.com> - 44-1
- New upstream release
- Closes #798760, #784921, #783134, #768523, #781735

* Mon Feb 27 2012 Dennis Gilmore <dennis@ausil.us> - 43-2
- don't conflict with fedora-release systemd never actually provided
- /etc/os-release so there is no actual conflict

* Wed Feb 15 2012 Lennart Poettering <lpoetter@redhat.com> - 43-1
- New upstream release
- Closes #789758, #790260, #790522

* Sat Feb 11 2012 Lennart Poettering <lpoetter@redhat.com> - 42-1
- New upstream release
- Save a bit of entropy during system installation (#789407)
- Don't own /etc/os-release anymore, leave that to fedora-release

* Thu Feb  9 2012 Adam Williamson <awilliam@redhat.com> - 41-2
- rebuild for fixed binutils

* Thu Feb  9 2012 Lennart Poettering <lpoetter@redhat.com> - 41-1
- New upstream release

* Tue Feb  7 2012 Lennart Poettering <lpoetter@redhat.com> - 40-1
- New upstream release

* Thu Jan 26 2012 Kay Sievers <kay@redhat.com> - 39-3
- provide /sbin/shutdown

* Wed Jan 25 2012 Harald Hoyer <harald@redhat.com> 39-2
- increment release

* Wed Jan 25 2012 Kay Sievers <kay@redhat.com> - 39-1.1
- install everything in /usr
  https://fedoraproject.org/wiki/Features/UsrMove

* Wed Jan 25 2012 Lennart Poettering <lpoetter@redhat.com> - 39-1
- New upstream release

* Sun Jan 22 2012 Michal Schmidt <mschmidt@redhat.com> - 38-6.git9fa2f41
- Update to a current git snapshot.
- Resolves: #781657

* Sun Jan 22 2012 Michal Schmidt <mschmidt@redhat.com> - 38-5
- Build against libgee06. Reenable gtk tools.
- Delete unused patches.
- Add easy building of git snapshots.
- Remove legacy spec file elements.
- Don't mention implicit BuildRequires.
- Configure with --disable-static.
- Merge -units into the main package.
- Move section 3 manpages to -devel.
- Fix unowned directory.
- Run ldconfig in scriptlets.
- Split systemd-analyze to a subpackage.

* Sat Jan 21 2012 Dan Horák <dan[at]danny.cz> - 38-4
- fix build on big-endians

* Wed Jan 11 2012 Lennart Poettering <lpoetter@redhat.com> - 38-3
- Disable building of gtk tools for now

* Wed Jan 11 2012 Lennart Poettering <lpoetter@redhat.com> - 38-2
- Fix a few (build) dependencies

* Wed Jan 11 2012 Lennart Poettering <lpoetter@redhat.com> - 38-1
- New upstream release

* Tue Nov 15 2011 Michal Schmidt <mschmidt@redhat.com> - 37-4
- Run authconfig if /etc/pam.d/system-auth is not a symlink.
- Resolves: #753160

* Wed Nov 02 2011 Michal Schmidt <mschmidt@redhat.com> - 37-3
- Fix remote-fs-pre.target and its ordering.
- Resolves: #749940

* Wed Oct 19 2011 Michal Schmidt <mschmidt@redhat.com> - 37-2
- A couple of fixes from upstream:
- Fix a regression in bash-completion reported in Bodhi.
- Fix a crash in isolating.
- Resolves: #717325

* Tue Oct 11 2011 Lennart Poettering <lpoetter@redhat.com> - 37-1
- New upstream release
- Resolves: #744726, #718464, #713567, #713707, #736756

* Thu Sep 29 2011 Michal Schmidt <mschmidt@redhat.com> - 36-5
- Undo the workaround. Kay says it does not belong in systemd.
- Unresolves: #741655

* Thu Sep 29 2011 Michal Schmidt <mschmidt@redhat.com> - 36-4
- Workaround for the crypto-on-lvm-on-crypto disk layout
- Resolves: #741655

* Sun Sep 25 2011 Michal Schmidt <mschmidt@redhat.com> - 36-3
- Revert an upstream patch that caused ordering cycles
- Resolves: #741078

* Fri Sep 23 2011 Lennart Poettering <lpoetter@redhat.com> - 36-2
- Add /etc/timezone to ghosted files

* Fri Sep 23 2011 Lennart Poettering <lpoetter@redhat.com> - 36-1
- New upstream release
- Resolves: #735013, #736360, #737047, #737509, #710487, #713384

* Thu Sep  1 2011 Lennart Poettering <lpoetter@redhat.com> - 35-1
- New upstream release
- Update post scripts
- Resolves: #726683, #713384, #698198, #722803, #727315, #729997, #733706, #734611

* Thu Aug 25 2011 Lennart Poettering <lpoetter@redhat.com> - 34-1
- New upstream release

* Fri Aug 19 2011 Harald Hoyer <harald@redhat.com> 33-2
- fix ABRT on service file reloading
- Resolves: rhbz#732020

* Wed Aug  3 2011 Lennart Poettering <lpoetter@redhat.com> - 33-1
- New upstream release

* Fri Jul 29 2011 Lennart Poettering <lpoetter@redhat.com> - 32-1
- New upstream release

* Wed Jul 27 2011 Lennart Poettering <lpoetter@redhat.com> - 31-2
- Fix access mode of modprobe file, restart logind after upgrade

* Wed Jul 27 2011 Lennart Poettering <lpoetter@redhat.com> - 31-1
- New upstream release

* Wed Jul 13 2011 Lennart Poettering <lpoetter@redhat.com> - 30-1
- New upstream release

* Thu Jun 16 2011 Lennart Poettering <lpoetter@redhat.com> - 29-1
- New upstream release

* Mon Jun 13 2011 Michal Schmidt <mschmidt@redhat.com> - 28-4
- Apply patches from current upstream.
- Fixes memory size detection on 32-bit with >4GB RAM (BZ712341)

* Wed Jun 08 2011 Michal Schmidt <mschmidt@redhat.com> - 28-3
- Apply patches from current upstream
- https://bugzilla.redhat.com/show_bug.cgi?id=709909
- https://bugzilla.redhat.com/show_bug.cgi?id=710839
- https://bugzilla.redhat.com/show_bug.cgi?id=711015

* Sat May 28 2011 Lennart Poettering <lpoetter@redhat.com> - 28-2
- Pull in nss-myhostname

* Thu May 26 2011 Lennart Poettering <lpoetter@redhat.com> - 28-1
- New upstream release

* Wed May 25 2011 Lennart Poettering <lpoetter@redhat.com> - 26-2
- Bugfix release
- https://bugzilla.redhat.com/show_bug.cgi?id=707507
- https://bugzilla.redhat.com/show_bug.cgi?id=707483
- https://bugzilla.redhat.com/show_bug.cgi?id=705427
- https://bugzilla.redhat.com/show_bug.cgi?id=707577

* Sat Apr 30 2011 Lennart Poettering <lpoetter@redhat.com> - 26-1
- New upstream release
- https://bugzilla.redhat.com/show_bug.cgi?id=699394
- https://bugzilla.redhat.com/show_bug.cgi?id=698198
- https://bugzilla.redhat.com/show_bug.cgi?id=698674
- https://bugzilla.redhat.com/show_bug.cgi?id=699114
- https://bugzilla.redhat.com/show_bug.cgi?id=699128

* Thu Apr 21 2011 Lennart Poettering <lpoetter@redhat.com> - 25-1
- New upstream release
- https://bugzilla.redhat.com/show_bug.cgi?id=694788
- https://bugzilla.redhat.com/show_bug.cgi?id=694321
- https://bugzilla.redhat.com/show_bug.cgi?id=690253
- https://bugzilla.redhat.com/show_bug.cgi?id=688661
- https://bugzilla.redhat.com/show_bug.cgi?id=682662
- https://bugzilla.redhat.com/show_bug.cgi?id=678555
- https://bugzilla.redhat.com/show_bug.cgi?id=628004

* Wed Apr  6 2011 Lennart Poettering <lpoetter@redhat.com> - 24-1
- New upstream release
- https://bugzilla.redhat.com/show_bug.cgi?id=694079
- https://bugzilla.redhat.com/show_bug.cgi?id=693289
- https://bugzilla.redhat.com/show_bug.cgi?id=693274
- https://bugzilla.redhat.com/show_bug.cgi?id=693161

* Tue Apr  5 2011 Lennart Poettering <lpoetter@redhat.com> - 23-1
- New upstream release
- Include systemd-sysv-convert

* Fri Apr  1 2011 Lennart Poettering <lpoetter@redhat.com> - 22-1
- New upstream release

* Wed Mar 30 2011 Lennart Poettering <lpoetter@redhat.com> - 21-2
- The quota services are now pulled in by mount points, hence no need to enable them explicitly

* Tue Mar 29 2011 Lennart Poettering <lpoetter@redhat.com> - 21-1
- New upstream release

* Mon Mar 28 2011 Matthias Clasen <mclasen@redhat.com> - 20-2
- Apply upstream patch to not send untranslated messages to plymouth

* Tue Mar  8 2011 Lennart Poettering <lpoetter@redhat.com> - 20-1
- New upstream release

* Tue Mar  1 2011 Lennart Poettering <lpoetter@redhat.com> - 19-1
- New upstream release

* Wed Feb 16 2011 Lennart Poettering <lpoetter@redhat.com> - 18-1
- New upstream release

* Mon Feb 14 2011 Bill Nottingham <notting@redhat.com> - 17-6
- bump upstart obsoletes (#676815)

* Wed Feb  9 2011 Tom Callaway <spot@fedoraproject.org> - 17-5
- add macros.systemd file for %%{_unitdir}

* Wed Feb 09 2011 Fedora Release Engineering <rel-eng@lists.fedoraproject.org> - 17-4
- Rebuilt for https://fedoraproject.org/wiki/Fedora_15_Mass_Rebuild

* Wed Feb  9 2011 Lennart Poettering <lpoetter@redhat.com> - 17-3
- Fix popen() of systemctl, #674916

* Mon Feb  7 2011 Bill Nottingham <notting@redhat.com> - 17-2
- add epoch to readahead obsolete

* Sat Jan 22 2011 Lennart Poettering <lpoetter@redhat.com> - 17-1
- New upstream release

* Tue Jan 18 2011 Lennart Poettering <lpoetter@redhat.com> - 16-2
- Drop console.conf again, since it is not shipped in pamtmp.conf

* Sat Jan  8 2011 Lennart Poettering <lpoetter@redhat.com> - 16-1
- New upstream release

* Thu Nov 25 2010 Lennart Poettering <lpoetter@redhat.com> - 15-1
- New upstream release

* Thu Nov 25 2010 Lennart Poettering <lpoetter@redhat.com> - 14-1
- Upstream update
- Enable hwclock-load by default
- Obsolete readahead
- Enable /var/run and /var/lock on tmpfs

* Fri Nov 19 2010 Lennart Poettering <lpoetter@redhat.com> - 13-1
- new upstream release

* Wed Nov 17 2010 Bill Nottingham <notting@redhat.com> 12-3
- Fix clash

* Wed Nov 17 2010 Lennart Poettering <lpoetter@redhat.com> - 12-2
- Don't clash with initscripts for now, so that we don't break the builders

* Wed Nov 17 2010 Lennart Poettering <lpoetter@redhat.com> - 12-1
- New upstream release

* Fri Nov 12 2010 Matthias Clasen <mclasen@redhat.com> - 11-2
- Rebuild with newer vala, libnotify

* Thu Oct  7 2010 Lennart Poettering <lpoetter@redhat.com> - 11-1
- New upstream release

* Wed Sep 29 2010 Jesse Keating <jkeating@redhat.com> - 10-6
- Rebuilt for gcc bug 634757

* Thu Sep 23 2010 Bill Nottingham <notting@redhat.com> - 10-5
- merge -sysvinit into main package

* Mon Sep 20 2010 Bill Nottingham <notting@redhat.com> - 10-4
- obsolete upstart-sysvinit too

* Fri Sep 17 2010 Bill Nottingham <notting@redhat.com> - 10-3
- Drop upstart requires

* Tue Sep 14 2010 Lennart Poettering <lpoetter@redhat.com> - 10-2
- Enable audit
- https://bugzilla.redhat.com/show_bug.cgi?id=633771

* Tue Sep 14 2010 Lennart Poettering <lpoetter@redhat.com> - 10-1
- New upstream release
- https://bugzilla.redhat.com/show_bug.cgi?id=630401
- https://bugzilla.redhat.com/show_bug.cgi?id=630225
- https://bugzilla.redhat.com/show_bug.cgi?id=626966
- https://bugzilla.redhat.com/show_bug.cgi?id=623456

* Fri Sep  3 2010 Bill Nottingham <notting@redhat.com> - 9-3
- move fedora-specific units to initscripts; require newer version thereof

* Fri Sep  3 2010 Lennart Poettering <lpoetter@redhat.com> - 9-2
- Add missing tarball

* Fri Sep  3 2010 Lennart Poettering <lpoetter@redhat.com> - 9-1
- New upstream version
- Closes 501720, 614619, 621290, 626443, 626477, 627014, 627785, 628913

* Fri Aug 27 2010 Lennart Poettering <lpoetter@redhat.com> - 8-3
- Reexecute after installation, take ownership of /var/run/user
- https://bugzilla.redhat.com/show_bug.cgi?id=627457
- https://bugzilla.redhat.com/show_bug.cgi?id=627634

* Thu Aug 26 2010 Lennart Poettering <lpoetter@redhat.com> - 8-2
- Properly create default.target link

* Wed Aug 25 2010 Lennart Poettering <lpoetter@redhat.com> - 8-1
- New upstream release

* Thu Aug 12 2010 Lennart Poettering <lpoetter@redhat.com> - 7-3
- Fix https://bugzilla.redhat.com/show_bug.cgi?id=623561

* Thu Aug 12 2010 Lennart Poettering <lpoetter@redhat.com> - 7-2
- Fix https://bugzilla.redhat.com/show_bug.cgi?id=623430

* Tue Aug 10 2010 Lennart Poettering <lpoetter@redhat.com> - 7-1
- New upstream release

* Fri Aug  6 2010 Lennart Poettering <lpoetter@redhat.com> - 6-2
- properly hide output on package installation
- pull in coreutils during package installtion

* Fri Aug  6 2010 Lennart Poettering <lpoetter@redhat.com> - 6-1
- New upstream release
- Fixes #621200

* Wed Aug  4 2010 Lennart Poettering <lpoetter@redhat.com> - 5-2
- Add tarball

* Wed Aug  4 2010 Lennart Poettering <lpoetter@redhat.com> - 5-1
- Prepare release 5

* Tue Jul 27 2010 Bill Nottingham <notting@redhat.com> - 4-4
- Add 'sysvinit-userspace' provide to -sysvinit package to fix upgrade/install (#618537)

* Sat Jul 24 2010 Lennart Poettering <lpoetter@redhat.com> - 4-3
- Add libselinux to build dependencies

* Sat Jul 24 2010 Lennart Poettering <lpoetter@redhat.com> - 4-2
- Use the right tarball

* Sat Jul 24 2010 Lennart Poettering <lpoetter@redhat.com> - 4-1
- New upstream release, and make default

* Tue Jul 13 2010 Lennart Poettering <lpoetter@redhat.com> - 3-3
- Used wrong tarball

* Tue Jul 13 2010 Lennart Poettering <lpoetter@redhat.com> - 3-2
- Own /cgroup jointly with libcgroup, since we don't dpend on it anymore

* Tue Jul 13 2010 Lennart Poettering <lpoetter@redhat.com> - 3-1
- New upstream release

* Fri Jul 9 2010 Lennart Poettering <lpoetter@redhat.com> - 2-0
- New upstream release

* Wed Jul 7 2010 Lennart Poettering <lpoetter@redhat.com> - 1-0
- First upstream release

* Tue Jun 29 2010 Lennart Poettering <lpoetter@redhat.com> - 0-0.7.20100629git4176e5
- New snapshot
- Split off -units package where other packages can depend on without pulling in the whole of systemd

* Tue Jun 22 2010 Lennart Poettering <lpoetter@redhat.com> - 0-0.6.20100622gita3723b
- Add missing libtool dependency.

* Tue Jun 22 2010 Lennart Poettering <lpoetter@redhat.com> - 0-0.5.20100622gita3723b
- Update snapshot

* Mon Jun 14 2010 Rahul Sundaram <sundaram@fedoraproject.org> - 0-0.4.20100614git393024
- Pull the latest snapshot that fixes a segfault. Resolves rhbz#603231

* Thu Jun 11 2010 Rahul Sundaram <sundaram@fedoraproject.org> - 0-0.3.20100610git2f198e
- More minor fixes as per review

* Thu Jun 10 2010 Rahul Sundaram <sundaram@fedoraproject.org> - 0-0.2.20100610git2f198e
- Spec improvements from David Hollis

* Wed Jun 09 2010 Rahul Sundaram <sundaram@fedoraproject.org> - 0-0.1.20090609git2f198e
- Address review comments

* Tue Jun 01 2010 Rahul Sundaram <sundaram@fedoraproject.org> - 0-0.0.git2010-06-02
- Initial spec (adopted from Kay Sievers)

